<?xml version="1.0" encoding="UTF-8"?>
<!-- Generated by org.testng.reporters.JUnitReportReporter -->
<testsuite hostname="LAPTOP-T2D0RNDH" name="DemoMaven.FacebookTest.FacebookTestCases" tests="22" failures="0" timestamp="11 Feb 2019 15:51:00 GMT" time="291.462" errors="0">
  <testcase name="MobileNo_OR_Email_Test" time="11.920" classname="DemoMaven.FacebookTest.FacebookTestCases"/>
  <testcase name="New_Passwod_Test" time="8.305" classname="DemoMaven.FacebookTest.FacebookTestCases"/>
  <testcase name="Password_Test" time="10.464" classname="DemoMaven.FacebookTest.FacebookTestCases"/>
  <testcase name="Blank_Username_Password_Test" time="16.484" classname="DemoMaven.FacebookTest.FacebookTestCases"/>
  <testcase name="Facebook_Logo_Visible_Test" time="14.253" classname="DemoMaven.FacebookTest.FacebookTestCases"/>
  <testcase name="check_LoginButton_Color_Test" time="19.680" classname="DemoMaven.FacebookTest.FacebookTestCases"/>
  <testcase name="Surname_Test" time="7.721" classname="DemoMaven.FacebookTest.FacebookTestCases"/>
  <testcase name="SignUp_Submit_Button_Test" time="8.218" classname="DemoMaven.FacebookTest.FacebookTestCases"/>
  <testcase name="Create_New_Account_Visible_Test" time="13.344" classname="DemoMaven.FacebookTest.FacebookTestCases"/>
  <testcase name="Username_Test" time="7.530" classname="DemoMaven.FacebookTest.FacebookTestCases"/>
  <testcase name="valid_Username_Password_Logout_Test" time="25.687" classname="DemoMaven.FacebookTest.FacebookTestCases"/>
  <testcase name="Birthday_Input_Test" time="48.273" classname="DemoMaven.FacebookTest.FacebookTestCases"/>
  <testcase name="Create_a_Page_Test" time="10.394" classname="DemoMaven.FacebookTest.FacebookTestCases"/>
  <testcase name="BusinessOrBrand_Page_Test" time="13.693" classname="DemoMaven.FacebookTest.FacebookTestCases"/>
  <testcase name="verify_title" time="10.630" classname="DemoMaven.FacebookTest.FacebookTestCases"/>
  <testcase name="Firstname_Test" time="8.273" classname="DemoMaven.FacebookTest.FacebookTestCases"/>
  <testcase name="Create_a_Page_Visible_Test" time="13.642" classname="DemoMaven.FacebookTest.FacebookTestCases"/>
  <testcase name="check_Links_Test" time="9.332" classname="DemoMaven.FacebookTest.FacebookTestCases"/>
  <testcase name="Invalid_Username_Password_Test" time="9.418" classname="DemoMaven.FacebookTest.FacebookTestCases"/>
  <testcase name="verifyPageTitleTest" time="7.645" classname="DemoMaven.FacebookTest.FacebookTestCases"/>
  <testcase name="Click_On_GenderOption_Test" time="7.748" classname="DemoMaven.FacebookTest.FacebookTestCases"/>
  <testcase name="check_Links" time="8.808" classname="DemoMaven.FacebookTest.FacebookTestCases"/>
</testsuite> <!-- DemoMaven.FacebookTest.FacebookTestCases -->
